2021-04-22 10:18:39,217 [Worker-3: Loading available Gradle versions] INFO  o.e.b.c.i.u.g.PublishedGradleVersions - Gradle version information cache is up-to-date. Trying to read.
2021-04-22 10:20:34,181 [Worker-0: Loading available Gradle versions] INFO  o.e.b.c.i.u.g.PublishedGradleVersions - Gradle version information cache is up-to-date. Trying to read.
2021-04-22 10:28:39,049 [Worker-0: Loading available Gradle versions] INFO  o.e.b.c.i.u.g.PublishedGradleVersions - Gradle version information cache is up-to-date. Trying to read.
2021-04-24 21:37:23,910 [Worker-1: Loading available Gradle versions] INFO  o.e.b.c.i.u.g.PublishedGradleVersions - Gradle version information cache is out-of-date. Trying to update.
2021-04-26 11:37:53,380 [Worker-0: Loading available Gradle versions] INFO  o.e.b.c.i.u.g.PublishedGradleVersions - Gradle version information cache is out-of-date. Trying to update.
2021-05-01 21:05:49,157 [Worker-1: Loading available Gradle versions] INFO  o.e.b.c.i.u.g.PublishedGradleVersions - Gradle version information cache is out-of-date. Trying to update.
2021-05-01 22:04:00,565 [Worker-2: Loading available Gradle versions] INFO  o.e.b.c.i.u.g.PublishedGradleVersions - Gradle version information cache is up-to-date. Trying to read.
2021-05-03 10:09:07,993 [Worker-1: Loading available Gradle versions] INFO  o.e.b.c.i.u.g.PublishedGradleVersions - Gradle version information cache is out-of-date. Trying to update.
2021-05-03 22:30:47,877 [Worker-0: Loading available Gradle versions] INFO  o.e.b.c.i.u.g.PublishedGradleVersions - Gradle version information cache is up-to-date. Trying to read.
2021-05-04 10:33:18,701 [Worker-0: Loading available Gradle versions] INFO  o.e.b.c.i.u.g.PublishedGradleVersions - Gradle version information cache is out-of-date. Trying to update.
2021-05-05 12:48:43,764 [Worker-0: Loading available Gradle versions] INFO  o.e.b.c.i.u.g.PublishedGradleVersions - Gradle version information cache is out-of-date. Trying to update.
2021-05-06 18:54:17,893 [Worker-1: Loading available Gradle versions] INFO  o.e.b.c.i.u.g.PublishedGradleVersions - Gradle version information cache is out-of-date. Trying to update.
2021-05-06 18:55:02,328 [Worker-0: Loading available Gradle versions] INFO  o.e.b.c.i.u.g.PublishedGradleVersions - Gradle version information cache is up-to-date. Trying to read.
2021-05-07 10:34:08,946 [Worker-0: Loading available Gradle versions] INFO  o.e.b.c.i.u.g.PublishedGradleVersions - Gradle version information cache is up-to-date. Trying to read.
2021-05-07 10:37:19,429 [Worker-0: Loading available Gradle versions] INFO  o.e.b.c.i.u.g.PublishedGradleVersions - Gradle version information cache is up-to-date. Trying to read.
2021-05-07 22:24:16,322 [Worker-0: Loading available Gradle versions] INFO  o.e.b.c.i.u.g.PublishedGradleVersions - Gradle version information cache is out-of-date. Trying to update.
2021-05-10 21:30:34,364 [Worker-0: Loading available Gradle versions] INFO  o.e.b.c.i.u.g.PublishedGradleVersions - Gradle version information cache is out-of-date. Trying to update.
2021-05-10 21:55:48,641 [Worker-0: Loading available Gradle versions] INFO  o.e.b.c.i.u.g.PublishedGradleVersions - Gradle version information cache is up-to-date. Trying to read.
2021-05-13 17:36:26,608 [Worker-1: Loading available Gradle versions] INFO  o.e.b.c.i.u.g.PublishedGradleVersions - Gradle version information cache is out-of-date. Trying to update.
2021-05-13 21:16:19,516 [main] INFO  org.eclipse.jetty.util.log - Logging initialized @13311196ms to org.eclipse.jetty.util.log.Slf4jLog
2021-05-13 21:16:19,893 [main] INFO  org.eclipse.jetty.server.Server - jetty-9.4.37.v20210219; built: 2021-02-23T06:49:41.320Z; git: 27afab2bd37780d179836e313e0fe11bc4fa0ce9; jvm 16+36-2231
2021-05-13 21:16:19,936 [main] INFO  org.eclipse.jetty.server.session - DefaultSessionIdManager workerName=node0
2021-05-13 21:16:19,937 [main] INFO  org.eclipse.jetty.server.session - No SessionScavenger set, using defaults
2021-05-13 21:16:19,940 [main] INFO  org.eclipse.jetty.server.session - node0 Scavenging every 660000ms
2021-05-13 21:16:20,001 [main] INFO  o.e.j.server.handler.ContextHandler - Started o.e.j.s.ServletContextHandler@314a2c8f{/wse,null,AVAILABLE}
2021-05-13 21:16:20,069 [main] INFO  o.e.jetty.server.AbstractConnector - Started ServerConnector@538c8b3f{HTTP/1.1, (http/1.1)}{0.0.0.0:64958}
2021-05-13 21:16:20,070 [main] INFO  org.eclipse.jetty.server.Server - Started @13311754ms
2021-05-13 21:16:20,070 [main] INFO  org.eclipse.jetty.server.session - node0 Scavenging every 726000ms
2021-05-13 21:22:20,679 [Framework stop - Equinox Container: fb15b8ac-a051-461f-abc4-96d86cc4bdad] INFO  o.e.jetty.server.AbstractConnector - Stopped ServerConnector@538c8b3f{HTTP/1.1, (http/1.1)}{0.0.0.0:0}
2021-05-13 21:22:20,680 [Framework stop - Equinox Container: fb15b8ac-a051-461f-abc4-96d86cc4bdad] INFO  org.eclipse.jetty.server.session - node0 Stopped scavenging
2021-05-13 21:22:20,805 [Framework stop - Equinox Container: fb15b8ac-a051-461f-abc4-96d86cc4bdad] INFO  o.e.j.server.handler.ContextHandler - Stopped o.e.j.s.ServletContextHandler@314a2c8f{/wse,null,STOPPED}
2021-05-13 21:23:00,151 [Worker-0: Loading available Gradle versions] INFO  o.e.b.c.i.u.g.PublishedGradleVersions - Gradle version information cache is up-to-date. Trying to read.
2021-05-13 21:24:19,801 [main] INFO  org.eclipse.jetty.util.log - Logging initialized @118687ms to org.eclipse.jetty.util.log.Slf4jLog
2021-05-13 21:24:19,950 [main] INFO  org.eclipse.jetty.server.Server - jetty-9.4.37.v20210219; built: 2021-02-23T06:49:41.320Z; git: 27afab2bd37780d179836e313e0fe11bc4fa0ce9; jvm 16+36-2231
2021-05-13 21:24:19,973 [main] INFO  org.eclipse.jetty.server.session - DefaultSessionIdManager workerName=node0
2021-05-13 21:24:19,973 [main] INFO  org.eclipse.jetty.server.session - No SessionScavenger set, using defaults
2021-05-13 21:24:19,975 [main] INFO  org.eclipse.jetty.server.session - node0 Scavenging every 660000ms
2021-05-13 21:24:20,007 [main] INFO  o.e.j.server.handler.ContextHandler - Started o.e.j.s.ServletContextHandler@4b6e9c75{/wse,null,AVAILABLE}
2021-05-13 21:24:20,039 [main] INFO  o.e.jetty.server.AbstractConnector - Started ServerConnector@30f94b64{HTTP/1.1, (http/1.1)}{0.0.0.0:65053}
2021-05-13 21:24:20,040 [main] INFO  org.eclipse.jetty.server.Server - Started @118928ms
2021-05-13 21:24:20,040 [main] INFO  org.eclipse.jetty.server.session - node0 Scavenging every 726000ms
2021-05-13 21:46:09,253 [Framework stop - Equinox Container: 5db0af93-94d1-40f3-ac0e-64cb31997738] INFO  o.e.jetty.server.AbstractConnector - Stopped ServerConnector@30f94b64{HTTP/1.1, (http/1.1)}{0.0.0.0:0}
2021-05-13 21:46:09,255 [Framework stop - Equinox Container: 5db0af93-94d1-40f3-ac0e-64cb31997738] INFO  org.eclipse.jetty.server.session - node0 Stopped scavenging
2021-05-13 21:46:09,710 [Framework stop - Equinox Container: 5db0af93-94d1-40f3-ac0e-64cb31997738] INFO  o.e.j.server.handler.ContextHandler - Stopped o.e.j.s.ServletContextHandler@4b6e9c75{/wse,null,STOPPED}
2021-05-13 22:06:31,523 [Worker-0: Loading available Gradle versions] INFO  o.e.b.c.i.u.g.PublishedGradleVersions - Gradle version information cache is up-to-date. Trying to read.
2021-05-13 22:36:42,103 [main] INFO  org.eclipse.jetty.util.log - Logging initialized @1861159ms to org.eclipse.jetty.util.log.Slf4jLog
2021-05-13 22:36:42,271 [main] INFO  org.eclipse.jetty.server.Server - jetty-9.4.37.v20210219; built: 2021-02-23T06:49:41.320Z; git: 27afab2bd37780d179836e313e0fe11bc4fa0ce9; jvm 16+36-2231
2021-05-13 22:36:42,298 [main] INFO  org.eclipse.jetty.server.session - DefaultSessionIdManager workerName=node0
2021-05-13 22:36:42,298 [main] INFO  org.eclipse.jetty.server.session - No SessionScavenger set, using defaults
2021-05-13 22:36:42,300 [main] INFO  org.eclipse.jetty.server.session - node0 Scavenging every 600000ms
2021-05-13 22:36:42,339 [main] INFO  o.e.j.server.handler.ContextHandler - Started o.e.j.s.ServletContextHandler@6541877{/wse,null,AVAILABLE}
2021-05-13 22:36:42,373 [main] INFO  o.e.jetty.server.AbstractConnector - Started ServerConnector@151fc7c3{HTTP/1.1, (http/1.1)}{0.0.0.0:49475}
2021-05-13 22:36:42,374 [main] INFO  org.eclipse.jetty.server.Server - Started @1861433ms
2021-05-13 22:36:42,374 [main] INFO  org.eclipse.jetty.server.session - node0 Scavenging every 660000ms
2021-05-13 22:56:37,697 [Framework stop - Equinox Container: 178fe4d8-c097-465a-a037-bc9732ca515f] INFO  o.e.jetty.server.AbstractConnector - Stopped ServerConnector@151fc7c3{HTTP/1.1, (http/1.1)}{0.0.0.0:0}
2021-05-13 22:56:37,698 [Framework stop - Equinox Container: 178fe4d8-c097-465a-a037-bc9732ca515f] INFO  org.eclipse.jetty.server.session - node0 Stopped scavenging
2021-05-13 22:56:37,763 [Framework stop - Equinox Container: 178fe4d8-c097-465a-a037-bc9732ca515f] INFO  o.e.j.server.handler.ContextHandler - Stopped o.e.j.s.ServletContextHandler@6541877{/wse,null,STOPPED}
2021-05-13 22:57:36,180 [Worker-0: Loading available Gradle versions] INFO  o.e.b.c.i.u.g.PublishedGradleVersions - Gradle version information cache is up-to-date. Trying to read.
2021-05-13 22:59:10,259 [Worker-0: Loading available Gradle versions] INFO  o.e.b.c.i.u.g.PublishedGradleVersions - Gradle version information cache is up-to-date. Trying to read.
2021-05-13 23:00:49,238 [Worker-0: Loading available Gradle versions] INFO  o.e.b.c.i.u.g.PublishedGradleVersions - Gradle version information cache is up-to-date. Trying to read.
2021-05-13 23:02:53,764 [main] INFO  org.eclipse.jetty.util.log - Logging initialized @148107ms to org.eclipse.jetty.util.log.Slf4jLog
2021-05-13 23:02:53,911 [main] INFO  org.eclipse.jetty.server.Server - jetty-9.4.37.v20210219; built: 2021-02-23T06:49:41.320Z; git: 27afab2bd37780d179836e313e0fe11bc4fa0ce9; jvm 16+36-2231
2021-05-13 23:02:53,935 [main] INFO  org.eclipse.jetty.server.session - DefaultSessionIdManager workerName=node0
2021-05-13 23:02:53,935 [main] INFO  org.eclipse.jetty.server.session - No SessionScavenger set, using defaults
2021-05-13 23:02:53,937 [main] INFO  org.eclipse.jetty.server.session - node0 Scavenging every 660000ms
2021-05-13 23:02:53,979 [main] INFO  o.e.j.server.handler.ContextHandler - Started o.e.j.s.ServletContextHandler@447b3e43{/wse,null,AVAILABLE}
2021-05-13 23:02:54,021 [main] INFO  o.e.jetty.server.AbstractConnector - Started ServerConnector@760eb57e{HTTP/1.1, (http/1.1)}{0.0.0.0:49710}
2021-05-13 23:02:54,022 [main] INFO  org.eclipse.jetty.server.Server - Started @148366ms
2021-05-13 23:02:54,023 [main] INFO  org.eclipse.jetty.server.session - node0 Scavenging every 660000ms
2021-05-13 23:07:19,245 [Framework stop - Equinox Container: 0c40cf27-ed07-465a-bb9b-dae7aba9da1b] INFO  o.e.jetty.server.AbstractConnector - Stopped ServerConnector@760eb57e{HTTP/1.1, (http/1.1)}{0.0.0.0:0}
2021-05-13 23:07:19,245 [Framework stop - Equinox Container: 0c40cf27-ed07-465a-bb9b-dae7aba9da1b] INFO  org.eclipse.jetty.server.session - node0 Stopped scavenging
2021-05-13 23:07:19,448 [Framework stop - Equinox Container: 0c40cf27-ed07-465a-bb9b-dae7aba9da1b] INFO  o.e.j.server.handler.ContextHandler - Stopped o.e.j.s.ServletContextHandler@447b3e43{/wse,null,STOPPED}
2021-05-13 23:09:30,425 [Worker-0: Loading available Gradle versions] INFO  o.e.b.c.i.u.g.PublishedGradleVersions - Gradle version information cache is up-to-date. Trying to read.
2021-05-18 12:16:51,575 [Worker-1: Loading available Gradle versions] INFO  o.e.b.c.i.u.g.PublishedGradleVersions - Gradle version information cache is out-of-date. Trying to update.
2021-05-28 19:19:47,970 [Worker-1: Loading available Gradle versions] INFO  o.e.b.c.i.u.g.PublishedGradleVersions - Gradle version information cache is up-to-date. Trying to read.
2021-06-01 11:09:26,769 [Worker-2: Loading available Gradle versions] INFO  o.e.b.c.i.u.g.PublishedGradleVersions - Gradle version information cache is out-of-date. Trying to update.
